<?xml version="1.0" encoding="UTF-8"?>
<!-- Generated by org.testng.reporters.JUnitReportReporter -->
<testsuite hostname="DESKTOP-QED19D2" failures="0" tests="1" name="APIcrud.GetEmployees" time="2.180" errors="0" timestamp="2022-10-16T11:05:22 PDT" skipped="0">
  <testcase classname="APIcrud.GetEmployees" name="GetEmployees" time="2.180"/>
  <system-out/>
</testsuite> <!-- APIcrud.GetEmployees -->
