<?xml version="1.0" encoding="UTF-8"?>
<!-- Generated by org.testng.reporters.JUnitReportReporter -->
<testsuite hostname="DESKTOP-QED19D2" failures="0" tests="1" name="apiAssignment.employeeEntrees" time="2.799" errors="0" timestamp="2022-10-13T17:32:58 PDT" skipped="0">
  <testcase classname="apiAssignment.employeeEntrees" name="FirstTest" time="2.799"/>
  <system-out/>
</testsuite> <!-- apiAssignment.employeeEntrees -->
